<?xml version="1.0" encoding="UTF-8"?>
<testsuite xmlns:xsi="http://www.w3.org/2001/XMLSchema-instance" xsi:noNamespaceSchemaLocation="https://maven.apache.org/surefire/maven-surefire-plugin/xsd/surefire-test-report.xsd" name="com.gvp.calc.CalculatorApplicationTests" time="0.308" tests="1" errors="1" skipped="0" failures="0">
  <properties>
[...]
</properties>
  <testcase name="com.gvp.calc.CalculatorApplicationTests" classname="com.gvp.calc.CalculatorApplicationTests" time="0.307">
    <error message="Unresolvable class definition for class [com.gvp.calc.CalculatorApplication]" type="java.lang.IllegalArgumentException">java.lang.IllegalArgumentException: Unresolvable class definition for class [com.gvp.calc.CalculatorApplication]
Caused by: java.lang.UnsupportedClassVersionError: com/gvp/calc/CalculatorApplication has been compiled by a more recent version of the Java Runtime (class file version 61.0), this version of the Java Runtime only recognizes class file versions up to 55.0
</error>
    <system-out><![CDATA[11:11:09.327 [main] DEBUG org.springframework.test.context.BootstrapUtils - Instantiating CacheAwareContextLoaderDelegate from class [org.springframework.test.context.cache.DefaultCacheAwareContextLoaderDelegate]
11:11:09.342 [main] DEBUG org.springframework.test.context.BootstrapUtils - Instantiating BootstrapContext using constructor [public org.springframework.test.context.support.DefaultBootstrapContext(java.lang.Class,org.springframework.test.context.CacheAwareContextLoaderDelegate)]
11:11:09.387 [main] DEBUG org.springframework.test.context.BootstrapUtils - Instantiating TestContextBootstrapper for test class [com.gvp.calc.CalculatorApplicationTests] from class [org.springframework.boot.test.context.SpringBootTestContextBootstrapper]
11:11:09.400 [main] INFO org.springframework.boot.test.context.SpringBootTestContextBootstrapper - Neither @ContextConfiguration nor @ContextHierarchy found for test class [com.gvp.calc.CalculatorApplicationTests], using SpringBootContextLoader
11:11:09.405 [main] DEBUG org.springframework.test.context.support.AbstractContextLoader - Did not detect default resource location for test class [com.gvp.calc.CalculatorApplicationTests]: class path resource [com/gvp/calc/CalculatorApplicationTests-context.xml] does not exist
11:11:09.406 [main] DEBUG org.springframework.test.context.support.AbstractContextLoader - Did not detect default resource location for test class [com.gvp.calc.CalculatorApplicationTests]: class path resource [com/gvp/calc/CalculatorApplicationTestsContext.groovy] does not exist
11:11:09.406 [main] INFO org.springframework.test.context.support.AbstractContextLoader - Could not detect default resource locations for test class [com.gvp.calc.CalculatorApplicationTests]: no resource found for suffixes {-context.xml, Context.groovy}.
11:11:09.407 [main] INFO org.springframework.test.context.support.AnnotationConfigContextLoaderUtils - Could not detect default configuration classes for test class [com.gvp.calc.CalculatorApplicationTests]: CalculatorApplicationTests does not declare any static, non-private, non-final, nested classes annotated with @Configuration.
11:11:09.472 [main] DEBUG org.springframework.test.context.support.ActiveProfilesUtils - Could not find an 'annotation declaring class' for annotation type [org.springframework.test.context.ActiveProfiles] and class [com.gvp.calc.CalculatorApplicationTests]
11:11:09.554 [main] DEBUG org.springframework.context.annotation.ClassPathScanningCandidateComponentProvider - Identified candidate component class: file [C:\Users\Sruthi Tata\gvp-calc\target\classes\com\gvp\calc\CalculatorApplication.class]
]]></system-out>
  </testcase>
</testsuite>